This is pdfTeX, Version 3.1415926-2.3-1.40.12 (MiKTeX 2.9) (preloaded format=pdflatex 2015.9.9)  5 MAY 2017 21:08
entering extended mode
**papertemplate1.tex

("E:\Dropbox\mr xu\Tufts\‰Ωú‰∏ö„ÄÅËÆ∫Êñá\Numerical-PDE-Methods\Final Project\My
 Paper\papertemplate1.tex"
LaTeX2e <2011/06/27>
Babel <v3.8m> and hyphenation patterns for loaded.

("E:\Dropbox\mr xu\Tufts\‰Ωú‰∏ö„ÄÅËÆ∫Êñá\Numerical-PDE-Methods\Final Project\My
 Paper\siamltex.cls"
Document Class: siamltex 1996/10/11 v1.2 LaTeX document class
("D:\Program Files\CTEX\MiKTeX\tex\latex\base\leqno.clo"
File: leqno.clo 1998/08/17 v1.1c Standard LaTeX option (left equation numbers)
)
("E:\Dropbox\mr xu\Tufts\‰Ωú‰∏ö„ÄÅËÆ∫Êñá\Numerical-PDE-Methods\Final Project\My
 Paper\siam10.clo"
File: siam10.clo 1994/10/01 v1.0 SIAM LaTeX file (size option)
)
\c@section=\count79
\c@subsection=\count80
\c@subsubsection=\count81
\c@paragraph=\count82
\c@subparagraph=\count83
\c@rmnum=\count84
\c@muni=\count85
\c@theorem=\count86
\c@figure=\count87
\c@table=\count88
\abovecaptionskip=\skip41
\belowcaptionskip=\skip42
\bibindent=\dimen102
)
("D:\Program Files\CTEX\MiKTeX\tex\latex\graphics\epsfig.sty"
Package: epsfig 1999/02/16 v1.7a (e)psfig emulation (SPQR)

("D:\Program Files\CTEX\MiKTeX\tex\latex\graphics\graphicx.sty"
Package: graphicx 1999/02/16 v1.0f Enhanced LaTeX Graphics (DPC,SPQR)

("D:\Program Files\CTEX\MiKTeX\tex\latex\graphics\keyval.sty"
Package: keyval 1999/03/16 v1.13 key=value parser (DPC)
\KV@toks@=\toks14
)
("D:\Program Files\CTEX\MiKTeX\tex\latex\graphics\graphics.sty"
Package: graphics 2009/02/05 v1.0o Standard LaTeX Graphics (DPC,SPQR)

("D:\Program Files\CTEX\MiKTeX\tex\latex\graphics\trig.sty"
Package: trig 1999/03/16 v1.09 sin cos tan (DPC)
)
("D:\Program Files\CTEX\MiKTeX\tex\latex\00miktex\graphics.cfg"
File: graphics.cfg 2007/01/18 v1.5 graphics configuration of teTeX/TeXLive
)
Package graphics Info: Driver file: pdftex.def on input line 91.

("D:\Program Files\CTEX\MiKTeX\tex\latex\pdftex-def\pdftex.def"
File: pdftex.def 2011/05/27 v0.06d Graphics/color for pdfTeX

("D:\Program Files\CTEX\MiKTeX\tex\generic\oberdiek\infwarerr.sty"
Package: infwarerr 2010/04/08 v1.3 Providing info/warning/message (HO)
)
("D:\Program Files\CTEX\MiKTeX\tex\generic\oberdiek\ltxcmds.sty"
Package: ltxcmds 2011/04/18 v1.20 LaTeX kernel commands for general use (HO)
)
\Gread@gobject=\count89
))
\Gin@req@height=\dimen103
\Gin@req@width=\dimen104
)
\epsfxsize=\dimen105
\epsfysize=\dimen106
)
("D:\Program Files\CTEX\MiKTeX\tex\latex\geometry\geometry.sty"
Package: geometry 2010/09/12 v5.6 Page Geometry

("D:\Program Files\CTEX\MiKTeX\tex\generic\oberdiek\ifpdf.sty"
Package: ifpdf 2011/01/30 v2.3 Provides the ifpdf switch (HO)
Package ifpdf Info: pdfTeX in PDF mode is detected.
)
("D:\Program Files\CTEX\MiKTeX\tex\generic\oberdiek\ifvtex.sty"
Package: ifvtex 2010/03/01 v1.5 Switches for detecting VTeX and its modes (HO)
Package ifvtex Info: VTeX not detected.
)
("D:\Program Files\CTEX\MiKTeX\tex\generic\ifxetex\ifxetex.sty"
Package: ifxetex 2010/09/12 v0.6 Provides ifxetex conditional
)
\Gm@cnth=\count90
\Gm@cntv=\count91
\c@Gm@tempcnt=\count92
\Gm@bindingoffset=\dimen107
\Gm@wd@mp=\dimen108
\Gm@odd@mp=\dimen109
\Gm@even@mp=\dimen110
\Gm@layoutwidth=\dimen111
\Gm@layoutheight=\dimen112
\Gm@layouthoffset=\dimen113
\Gm@layoutvoffset=\dimen114
\Gm@dimlist=\toks15

("D:\Program Files\CTEX\MiKTeX\tex\latex\geometry\geometry.cfg"))
("D:\Program Files\CTEX\MiKTeX\tex\latex\graphics\color.sty"
Package: color 2005/11/14 v1.0j Standard LaTeX Color (DPC)

("D:\Program Files\CTEX\MiKTeX\tex\latex\00miktex\color.cfg"
File: color.cfg 2007/01/18 v1.5 color configuration of teTeX/TeXLive
)
Package color Info: Driver file: pdftex.def on input line 130.
)
("D:\Program Files\CTEX\MiKTeX\tex\latex\ams\math\amsmath.sty"
Package: amsmath 2000/07/18 v2.13 AMS math features
\@mathmargin=\skip43

For additional information on amsmath, use the `?' option.
("D:\Program Files\CTEX\MiKTeX\tex\latex\ams\math\amstext.sty"
Package: amstext 2000/06/29 v2.01

("D:\Program Files\CTEX\MiKTeX\tex\latex\ams\math\amsgen.sty"
File: amsgen.sty 1999/11/30 v2.0
\@emptytoks=\toks16
\ex@=\dimen115
))
("D:\Program Files\CTEX\MiKTeX\tex\latex\ams\math\amsbsy.sty"
Package: amsbsy 1999/11/29 v1.2d
\pmbraise@=\dimen116
)
("D:\Program Files\CTEX\MiKTeX\tex\latex\ams\math\amsopn.sty"
Package: amsopn 1999/12/14 v2.01 operator names
)
\inf@bad=\count93
LaTeX Info: Redefining \frac on input line 211.
\uproot@=\count94
\leftroot@=\count95
LaTeX Info: Redefining \overline on input line 307.
\classnum@=\count96
\DOTSCASE@=\count97
LaTeX Info: Redefining \ldots on input line 379.
LaTeX Info: Redefining \dots on input line 382.
LaTeX Info: Redefining \cdots on input line 467.
\Mathstrutbox@=\box26
\strutbox@=\box27
\big@size=\dimen117
LaTeX Font Info:    Redeclaring font encoding OML on input line 567.
LaTeX Font Info:    Redeclaring font encoding OMS on input line 568.
\macc@depth=\count98
\c@MaxMatrixCols=\count99
\dotsspace@=\muskip10
\c@parentequation=\count100
\dspbrk@lvl=\count101
\tag@help=\toks17
\row@=\count102
\column@=\count103
\maxfields@=\count104
\andhelp@=\toks18
\eqnshift@=\dimen118
\alignsep@=\dimen119
\tagshift@=\dimen120
\tagwidth@=\dimen121
\totwidth@=\dimen122
\lineht@=\dimen123
\@envbody=\toks19
\multlinegap=\skip44
\multlinetaggap=\skip45
\mathdisplay@stack=\toks20
LaTeX Info: Redefining \[ on input line 2666.
LaTeX Info: Redefining \] on input line 2667.
)
("D:\Program Files\CTEX\MiKTeX\tex\latex\subfig\subfig.sty"
Package: subfig 2005/06/28 ver: 1.3 subfig package

("D:\Program Files\CTEX\MiKTeX\tex\latex\caption\caption.sty"
Package: caption 2011/11/10 v3.2e Customizing captions (AR)

("D:\Program Files\CTEX\MiKTeX\tex\latex\caption\caption3.sty"
Package: caption3 2011/11/01 v1.4a caption3 kernel (AR)
\captionmargin=\dimen124
\captionmargin@=\dimen125
\captionwidth=\dimen126
\caption@indent=\dimen127
\caption@parindent=\dimen128
\caption@hangindent=\dimen129
Package caption Info: Unknown document class (or package),
(caption)             standard defaults will be used.
)

Package caption Warning: Unsupported document class (or package) detected,
(caption)                usage of the caption package is not recommended.
See the caption package documentation for explanation.

Package caption Info: \@makecaption = \long macro:#1#2->\footnotesize \setlengt
h {\parindent }{1.5pc} \ifx \@captype \@figtxt \vskip \abovecaptionskip \setbox
 \@tempboxa \hbox {{\normalfont \scshape #1}. {\normalfont \itshape #2}}\ifdim 
\wd \@tempboxa >\hsize {\normalfont \scshape #1}. {\normalfont \itshape #2}\par
 \else \global \@minipagefalse \hb@xt@ \hsize {\hfil \box \@tempboxa \hfil }\fi
 \else \hbox to\hsize {\hfil {\normalfont \scshape #1}\hfil }\setbox \@tempboxa
 \hbox {{\normalfont \itshape #2}}\ifdim \wd \@tempboxa >\hsize {\normalfont \i
tshape #2}\par \else \global \@minipagefalse \hb@xt@ \hsize {\hfil \box \@tempb
oxa \hfil }\fi \vskip \belowcaptionskip \fi .
\c@ContinuedFloat=\count105
)
\c@KVtest=\count106
\sf@farskip=\skip46
\sf@captopadj=\dimen130
\sf@capskip=\skip47
\sf@nearskip=\skip48
\c@subfigure=\count107
\c@subfigure@save=\count108
\c@lofdepth=\count109
\c@subtable=\count110
\c@subtable@save=\count111
\c@lotdepth=\count112
\sf@top=\skip49
\sf@bottom=\skip50
) ("D:\Program Files\CTEX\MiKTeX\tex\latex\ams\math\amscd.sty"
Package: amscd 1999/11/29 v2.0
\athelp@=\toks21
\minaw@=\dimen131
\bigaw@=\dimen132
\minCDarrowwidth=\dimen133
)
("D:\Program Files\CTEX\MiKTeX\tex\latex\amsfonts\amsfonts.sty"
Package: amsfonts 2009/06/22 v3.00 Basic AMSFonts support
\symAMSa=\mathgroup4
\symAMSb=\mathgroup5
LaTeX Font Info:    Overwriting math alphabet `\mathfrak' in version `bold'
(Font)                  U/euf/m/n --> U/euf/b/n on input line 96.
)
("D:\Program Files\CTEX\MiKTeX\tex\latex\amsfonts\amssymb.sty"
Package: amssymb 2009/06/22 v3.00
)
("D:\Program Files\CTEX\MiKTeX\tex\latex\jknappen\mathrsfs.sty"
Package: mathrsfs 1996/01/01 Math RSFS package v1.0 (jk)
\symrsfs=\mathgroup6
)
\c@thm=\count113

("E:\Dropbox\mr xu\Tufts\‰Ωú‰∏ö„ÄÅËÆ∫Êñá\Numerical-PDE-Methods\Final Project\My
 Paper\papertemplate1.aux")
LaTeX Font Info:    Checking defaults for OML/cmm/m/it on input line 63.
LaTeX Font Info:    ... okay on input line 63.
LaTeX Font Info:    Checking defaults for T1/cmr/m/n on input line 63.
LaTeX Font Info:    ... okay on input line 63.
LaTeX Font Info:    Checking defaults for OT1/cmr/m/n on input line 63.
LaTeX Font Info:    ... okay on input line 63.
LaTeX Font Info:    Checking defaults for OMS/cmsy/m/n on input line 63.
LaTeX Font Info:    ... okay on input line 63.
LaTeX Font Info:    Checking defaults for OMX/cmex/m/n on input line 63.
LaTeX Font Info:    ... okay on input line 63.
LaTeX Font Info:    Checking defaults for U/cmr/m/n on input line 63.
LaTeX Font Info:    ... okay on input line 63.

("D:\Program Files\CTEX\MiKTeX\tex\context\base\supp-pdf.mkii"
[Loading MPS to PDF converter (version 2006.09.02).]
\scratchcounter=\count114
\scratchdimen=\dimen134
\scratchbox=\box28
\nofMPsegments=\count115
\nofMParguments=\count116
\everyMPshowfont=\toks22
\MPscratchCnt=\count117
\MPscratchDim=\dimen135
\MPnumerator=\count118
\makeMPintoPDFobject=\count119
\everyMPtoPDFconversion=\toks23
)
*geometry* driver: auto-detecting
*geometry* detected driver: pdftex
*geometry* verbose mode - [ preamble ] result:
* driver: pdftex
* paper: <default>
* layout: <same size as paper>
* layoutoffset:(h,v)=(0.0pt,0.0pt)
* modes: twoside 
* h-part:(L,W,R)=(73.71613pt, 430.00462pt, 110.57425pt)
* v-part:(T,H,B)=(95.39737pt, 556.47656pt, 143.09605pt)
* \paperwidth=614.295pt
* \paperheight=794.96999pt
* \textwidth=430.00462pt
* \textheight=556.47656pt
* \oddsidemargin=1.44614pt
* \evensidemargin=38.30426pt
* \topmargin=-1.32639pt
* \headheight=10.0pt
* \headsep=14.45377pt
* \topskip=10.0pt
* \footskip=14.45377pt
* \marginparwidth=90.0pt
* \marginparsep=11.0pt
* \columnsep=10.0pt
* \skip\footins=13.0pt plus 4.0pt minus 2.0pt
* \hoffset=0.0pt
* \voffset=0.0pt
* \mag=1000
* \@twocolumnfalse
* \@twosidetrue
* \@mparswitchtrue
* \@reversemarginfalse
* (1in=72.27pt=25.4mm, 1cm=28.453pt)

Package caption Info: Begin \AtBeginDocument code.
Package caption Info: subfig package v1.3 is loaded.
Package caption Info: End \AtBeginDocument code.
LaTeX Font Info:    Try loading font information for U+msa on input line 65.
("D:\Program Files\CTEX\MiKTeX\tex\latex\amsfonts\umsa.fd"
File: umsa.fd 2009/06/22 v3.00 AMS symbols A
)
LaTeX Font Info:    Try loading font information for U+msb on input line 65.

("D:\Program Files\CTEX\MiKTeX\tex\latex\amsfonts\umsb.fd"
File: umsb.fd 2009/06/22 v3.00 AMS symbols B
)
LaTeX Font Info:    Try loading font information for U+rsfs on input line 65.

("D:\Program Files\CTEX\MiKTeX\tex\latex\jknappen\ursfs.fd"
File: ursfs.fd 1998/03/24 rsfs font definition file (jk)
)
Underfull \hbox (badness 10000) in paragraph at lines 90--91

 []


Overfull \hbox (11.31367pt too wide) in paragraph at lines 112--113
[]\OT1/cmr/m/n/10 This mod-el has been most-ly solved by the lat-ice method[[],
 []], the finite-difference method(FDM)[[],
 []


Underfull \hbox (badness 10000) in paragraph at lines 117--118

 []

[1

{D:/Program Files/CTEX/UserData/pdftex/config/pdftex.map{Unicode.sfd}{UGBK.sfd}
}]
Underfull \hbox (badness 10000) in paragraph at lines 119--121

 []


Underfull \hbox (badness 10000) in paragraph at lines 128--131

 []


Overfull \hbox (5.28581pt too wide) in paragraph at lines 132--133
[]\OT1/cmr/m/n/10 For the first step, we show how to trans-for-m the Black-Scho
les For-mu-la in-to d-if-fus-tion equation[[]].
 []

[2] [3] <European_call_all.jpg, id=27, 563.10374pt x 421.575pt>
File: European_call_all.jpg Graphic file (type jpg)

<use European_call_all.jpg>
Package pdftex.def Info: European_call_all.jpg used on input line 278.
(pdftex.def)             Requested size: 344.005pt x 257.54633pt.

<European_call_Final_all.jpg, id=28, 563.10374pt x 421.575pt>
File: European_call_Final_all.jpg Graphic file (type jpg)

<use European_call_Final_all.jpg>
Package pdftex.def Info: European_call_Final_all.jpg used on input line 281.
(pdftex.def)             Requested size: 344.005pt x 257.54633pt.


LaTeX Warning: Float too large for page by 23.61609pt on input line 285.

<European_call_main.jpg, id=29, 563.10374pt x 421.575pt>
File: European_call_main.jpg Graphic file (type jpg)

<use European_call_main.jpg>
Package pdftex.def Info: European_call_main.jpg used on input line 290.
(pdftex.def)             Requested size: 344.005pt x 257.54633pt.

<European_call_Final20.jpg, id=30, 563.10374pt x 421.575pt>
File: European_call_Final20.jpg Graphic file (type jpg)

<use European_call_Final20.jpg>
Package pdftex.def Info: European_call_Final20.jpg used on input line 293.
(pdftex.def)             Requested size: 344.005pt x 257.54633pt.


LaTeX Warning: Float too large for page by 23.61609pt on input line 296.

<European_put_all.jpg, id=31, 563.10374pt x 421.575pt>
File: European_put_all.jpg Graphic file (type jpg)

<use European_put_all.jpg>
Package pdftex.def Info: European_put_all.jpg used on input line 300.
(pdftex.def)             Requested size: 344.005pt x 257.54633pt.

<European_Put_Final_all.jpg, id=32, 563.10374pt x 421.575pt>
File: European_Put_Final_all.jpg Graphic file (type jpg)

<use European_Put_Final_all.jpg>
Package pdftex.def Info: European_Put_Final_all.jpg used on input line 303.
(pdftex.def)             Requested size: 344.005pt x 257.54633pt.


LaTeX Warning: Float too large for page by 23.61609pt on input line 306.

<European_put_main.jpg, id=33, 563.10374pt x 421.575pt>
File: European_put_main.jpg Graphic file (type jpg)

<use European_put_main.jpg>
Package pdftex.def Info: European_put_main.jpg used on input line 310.
(pdftex.def)             Requested size: 344.005pt x 257.54633pt.

<European_put_Final20.jpg, id=34, 563.10374pt x 421.575pt>
File: European_put_Final20.jpg Graphic file (type jpg)

<use European_put_Final20.jpg>
Package pdftex.def Info: European_put_Final20.jpg used on input line 312.
(pdftex.def)             Requested size: 344.005pt x 257.54633pt.


LaTeX Warning: Float too large for page by 23.61609pt on input line 315.

[4] [5] [6]
("E:\Dropbox\mr xu\Tufts\‰Ωú‰∏ö„ÄÅËÆ∫Êñá\Numerical-PDE-Methods\Final Project\My
 Paper\papertemplate1.bbl") [7] [8 <E:/Dropbox/mr xu/Tufts/‰Ωú‰∏ö„ÄÅËÆ∫Êñá/Nume
rical-PDE-Methods/Final Project/My Paper/European_call_all.jpg> <E:/Dropbox/mr 
xu/Tufts/‰Ωú‰∏ö„ÄÅËÆ∫Êñá/Numerical-PDE-Methods/Final Project/My Paper/European_
call_Final_all.jpg>] [9 <E:/Dropbox/mr xu/Tufts/‰Ωú‰∏ö„ÄÅËÆ∫Êñá/Numerical-PDE-M
ethods/Final Project/My Paper/European_call_main.jpg> <E:/Dropbox/mr xu/Tufts/‰
Ωú‰∏ö„ÄÅËÆ∫Êñá/Numerical-PDE-Methods/Final Project/My Paper/European_call_Final
20.jpg>] [10 <E:/Dropbox/mr xu/Tufts/‰Ωú‰∏ö„ÄÅËÆ∫Êñá/Numerical-PDE-Methods/Fina
l Project/My Paper/European_put_all.jpg> <E:/Dropbox/mr xu/Tufts/‰Ωú‰∏ö„ÄÅËÆ∫Êñ
á/Numerical-PDE-Methods/Final Project/My Paper/European_Put_Final_all.jpg>]
[11 <E:/Dropbox/mr xu/Tufts/‰Ωú‰∏ö„ÄÅËÆ∫Êñá/Numerical-PDE-Methods/Final Project
/My Paper/European_put_main.jpg> <E:/Dropbox/mr xu/Tufts/‰Ωú‰∏ö„ÄÅËÆ∫Êñá/Numeri
cal-PDE-Methods/Final Project/My Paper/European_put_Final20.jpg>]
("E:\Dropbox\mr xu\Tufts\‰Ωú‰∏ö„ÄÅËÆ∫Êñá\Numerical-PDE-Methods\Final Project\My
 Paper\papertemplate1.aux") ) 
Here is how much of TeX's memory you used:
 4002 strings out of 495354
 57805 string characters out of 3183076
 133509 words of memory out of 3000000
 7109 multiletter control sequences out of 15000+200000
 12411 words of font info for 51 fonts, out of 3000000 for 9000
 14 hyphenation exceptions out of 8191
 44i,17n,42p,1070b,291s stack positions out of 5000i,500n,10000p,200000b,50000s
<D:/Program Files/CTEX/MiKTeX/fonts/type1/public/a
msfonts/cm/cmbx10.pfb><D:/Program Files/CTEX/MiKTeX/fonts/type1/public/amsfonts
/cm/cmbx8.pfb><D:/Program Files/CTEX/MiKTeX/fonts/type1/public/amsfonts/cm/cmcs
c10.pfb><D:/Program Files/CTEX/MiKTeX/fonts/type1/public/amsfonts/cm/cmex10.pfb
><D:/Program Files/CTEX/MiKTeX/fonts/type1/public/amsfonts/cm/cmmi10.pfb><D:/Pr
ogram Files/CTEX/MiKTeX/fonts/type1/public/amsfonts/cm/cmmi5.pfb><D:/Program Fi
les/CTEX/MiKTeX/fonts/type1/public/amsfonts/cm/cmmi7.pfb><D:/Program Files/CTEX
/MiKTeX/fonts/type1/public/amsfonts/cm/cmmi9.pfb><D:/Program Files/CTEX/MiKTeX/
fonts/type1/public/amsfonts/cm/cmr10.pfb><D:/Program Files/CTEX/MiKTeX/fonts/ty
pe1/public/amsfonts/cm/cmr5.pfb><D:/Program Files/CTEX/MiKTeX/fonts/type1/publi
c/amsfonts/cm/cmr6.pfb><D:/Program Files/CTEX/MiKTeX/fonts/type1/public/amsfont
s/cm/cmr7.pfb><D:/Program Files/CTEX/MiKTeX/fonts/type1/public/amsfonts/cm/cmr8
.pfb><D:/Program Files/CTEX/MiKTeX/fonts/type1/public/amsfonts/cm/cmr9.pfb><D:/
Program Files/CTEX/MiKTeX/fonts/type1/public/amsfonts/cm/cmsy10.pfb><D:/Program
 Files/CTEX/MiKTeX/fonts/type1/public/amsfonts/cm/cmsy6.pfb><D:/Program Files/C
TEX/MiKTeX/fonts/type1/public/amsfonts/cm/cmsy7.pfb><D:/Program Files/CTEX/MiKT
eX/fonts/type1/public/amsfonts/cm/cmsy9.pfb><D:/Program Files/CTEX/MiKTeX/fonts
/type1/public/amsfonts/cm/cmti8.pfb><D:/Program Files/CTEX/MiKTeX/fonts/type1/p
ublic/amsfonts/cm/cmtt8.pfb>
Output written on papertemplate1.pdf (11 pages, 464441 bytes).
PDF statistics:
 126 PDF objects out of 1000 (max. 8388607)
 0 named destinations out of 1000 (max. 500000)
 41 words of extra memory for PDF output out of 10000 (max. 10000000)

